Arguments: 
  C:\Program Files\nodejs\node.exe C:\Users\Oliver\AppData\Roaming\npm\node_modules\yarn\bin\yarn.js run build

PATH: 
  C:\Windows\system32;C:\Windows;C:\Windows\System32\Wbem;C:\Windows\System32\WindowsPowerShell\v1.0\;C:\Windows\System32\OpenSSH\;C:\Program Files\Git\cmd;C:\Program Files\nodejs\;C:\Users\Oliver\AppData\Local\Microsoft\WindowsApps;C:\Program Files\Bandizip\;C:\Users\Oliver\AppData\Local\Programs\Microsoft VS Code\bin;C:\Users\Oliver\AppData\Local\GitHubDesktop\bin;C:\Users\Oliver\AppData\Roaming\npm

Yarn version: 
  1.22.17

Node version: 
  14.18.1

Platform: 
  win32 x64

Trace: 
  SyntaxError: C:\Users\Oliver\Workspace\myBlog\package.json: Unexpected token / in JSON at position 441
      at JSON.parse (<anonymous>)
      at C:\Users\Oliver\AppData\Roaming\npm\node_modules\yarn\lib\cli.js:1625:59
      at Generator.next (<anonymous>)
      at step (C:\Users\Oliver\AppData\Roaming\npm\node_modules\yarn\lib\cli.js:310:30)
      at C:\Users\Oliver\AppData\Roaming\npm\node_modules\yarn\lib\cli.js:321:13

npm manifest: 
  {
    "name": "blog",
    "version": "1.0.0",
    "author": "Haruka",
    "repository": "https://github.com/HarukaChen/HarukaChen.github.io",
    "license": "MIT",
    "scripts": {
      "dev": "vuepress dev docs --open --host \"localhost\"",
      "build": "vuepress build docs",
      "deploy": "bash deploy.sh"
    },
    "devDependencies": {
      "vuepress": "^1.8.2",
      "vuepress-theme-reco": "^1.6.6",
      "@maginapp/vuepress-plugin-katex": "^1.0.11",
      // "vuepress-plugin-dynamic-title": "^1.0.0",
      "vuepress-plugin-nuggets-style-copy": "^1.0.3"
  
    },
    "description": "blog"
  }

yarn manifest: 
  No manifest

Lockfile: 
  No lockfile
